#
# There is insufficient memory for the Java Runtime Environment to continue.
# Native memory allocation (malloc) failed to allocate 296016 bytes for Chunk::new
# Possible reasons:
#   The system is out of physical RAM or swap space
#   The process is running with CompressedOops enabled, and the Java Heap may be blocking the growth of the native heap
# Possible solutions:
#   Reduce memory load on the system
#   Increase physical memory or swap space
#   Check if swap backing store is full
#   Decrease Java heap size (-Xmx/-Xms)
#   Decrease number of Java threads
#   Decrease Java thread stack sizes (-Xss)
#   Set larger code cache with -XX:ReservedCodeCacheSize=
#   JVM is running with Zero Based Compressed Oops mode in which the Java heap is
#     placed in the first 32GB address space. The Java Heap base address is the
#     maximum limit for the native heap growth. Please use -XX:HeapBaseMinAddress
#     to set the Java Heap base and to place the Java Heap above 32GB virtual address.
# This output file may be truncated or incomplete.
#
#  Out of Memory Error (arena.cpp:168), pid=17932, tid=19684
#
# JRE version: OpenJDK Runtime Environment (21.0.1+12) (build 21.0.1+12-29)
# Java VM: OpenJDK 64-Bit Server VM (21.0.1+12-29, mixed mode, sharing, tiered, compressed oops, compressed class ptrs, g1 gc, windows-amd64)
# No core dump will be written. Minidumps are not enabled by default on client versions of Windows
#

---------------  S U M M A R Y ------------

Command Line: -agentlib:jdwp=transport=dt_socket,address=127.0.0.1:57247,suspend=y,server=n -javaagent:C:\Users\Aly\AppData\Local\JetBrains\IdeaIC2023.3\captureAgent\debugger-agent.jar -Dfile.encoding=UTF-8 -Dsun.stdout.encoding=UTF-8 -Dsun.stderr.encoding=UTF-8 com.full.servicos.ServicosApplication

Host: Intel(R) Core(TM) i5-9400F CPU @ 2.90GHz, 6 cores, 15G,  Windows 11 , 64 bit Build 22621 (10.0.22621.2506)
Time: Sat Dec 30 16:43:21 2023 Hora oficial do Brasil elapsed time: 4864.043414 seconds (0d 1h 21m 4s)

---------------  T H R E A D  ---------------

Current thread (0x000001ba35c28220):  JavaThread "C2 CompilerThread0" daemon [_thread_in_native, id=19684, stack(0x000000792af00000,0x000000792b000000) (1024K)]


Current CompileTask:
C2:4864043 10397   !   4       sun.nio.ch.IOUtil::read (133 bytes)

Stack: [0x000000792af00000,0x000000792b000000]
Native frames: (J=compiled Java code, j=interpreted, Vv=VM code, C=native code)
V  [jvm.dll+0x6c9029]
V  [jvm.dll+0x854b81]
V  [jvm.dll+0x856e5e]
V  [jvm.dll+0x857543]
V  [jvm.dll+0x280c06]
V  [jvm.dll+0xc3ead]
V  [jvm.dll+0xc43c3]
V  [jvm.dll+0x3b5732]
V  [jvm.dll+0x382475]
V  [jvm.dll+0x3818ea]
V  [jvm.dll+0x249ad0]
V  [jvm.dll+0x2490b1]
V  [jvm.dll+0x1c9ca1]
V  [jvm.dll+0x2586b9]
V  [jvm.dll+0x256c9a]
V  [jvm.dll+0x3ef1b6]
V  [jvm.dll+0x7fd728]
V  [jvm.dll+0x6c777d]
C  [ucrtbase.dll+0x29363]
C  [KERNEL32.DLL+0x1257d]
C  [ntdll.dll+0x5aa58]


---------------  P R O C E S S  ---------------

Threads class SMR info:
_java_thread_list=0x000001ba00f6a250, length=34, elements={
0x000001ba35c173a0, 0x000001ba35c182c0, 0x000001ba35c1b490, 0x000001ba35c1f040,
0x000001ba35c1fe00, 0x000001ba35c217a0, 0x000001ba35c28220, 0x000001ba35c2dce0,
0x000001ba7b0c6830, 0x000001ba7b1d9b10, 0x000001ba7b1da250, 0x000001ba7b1da8d0,
0x000001ba7b313920, 0x000001ba7d7714d0, 0x000001ba7dcb3930, 0x000001ba7dcb3fa0,
0x000001ba7d9486d0, 0x000001ba0063c620, 0x000001ba006db310, 0x000001ba006dac80,
0x000001ba006db9a0, 0x000001ba006d9f60, 0x000001ba006dc030, 0x000001ba006d9240,
0x000001ba006da5f0, 0x000001ba03c89a10, 0x000001ba03c8a730, 0x000001ba03c8fc80,
0x000001ba03c8b450, 0x000001ba03c909a0, 0x000001ba03c8adc0, 0x000001ba03c8f5f0,
0x000001ba03c90310, 0x000001ba7d664f90
}

Java Threads: ( => current thread )
  0x000001ba35c173a0 JavaThread "Reference Handler"          daemon [_thread_blocked, id=1448, stack(0x000000792a900000,0x000000792aa00000) (1024K)]
  0x000001ba35c182c0 JavaThread "Finalizer"                  daemon [_thread_blocked, id=7056, stack(0x000000792aa00000,0x000000792ab00000) (1024K)]
  0x000001ba35c1b490 JavaThread "Signal Dispatcher"          daemon [_thread_blocked, id=5028, stack(0x000000792ab00000,0x000000792ac00000) (1024K)]
  0x000001ba35c1f040 JavaThread "Attach Listener"            daemon [_thread_blocked, id=19944, stack(0x000000792ac00000,0x000000792ad00000) (1024K)]
  0x000001ba35c1fe00 JavaThread "Service Thread"             daemon [_thread_blocked, id=18928, stack(0x000000792ad00000,0x000000792ae00000) (1024K)]
  0x000001ba35c217a0 JavaThread "Monitor Deflation Thread"   daemon [_thread_blocked, id=6260, stack(0x000000792ae00000,0x000000792af00000) (1024K)]
=>0x000001ba35c28220 JavaThread "C2 CompilerThread0"         daemon [_thread_in_native, id=19684, stack(0x000000792af00000,0x000000792b000000) (1024K)]
  0x000001ba35c2dce0 JavaThread "C1 CompilerThread0"         daemon [_thread_blocked, id=11012, stack(0x000000792b000000,0x000000792b100000) (1024K)]
  0x000001ba7b0c6830 JavaThread "Common-Cleaner"             daemon [_thread_blocked, id=5252, stack(0x000000792b100000,0x000000792b200000) (1024K)]
  0x000001ba7b1d9b10 JavaThread "JDWP Transport Listener: dt_socket" daemon [_thread_blocked, id=19940, stack(0x000000792b300000,0x000000792b400000) (1024K)]
  0x000001ba7b1da250 JavaThread "JDWP Event Helper Thread"   daemon [_thread_blocked, id=19536, stack(0x000000792b400000,0x000000792b500000) (1024K)]
  0x000001ba7b1da8d0 JavaThread "JDWP Command Reader"        daemon [_thread_in_native, id=5360, stack(0x000000792b500000,0x000000792b600000) (1024K)]
  0x000001ba7b313920 JavaThread "Notification Thread"        daemon [_thread_blocked, id=1396, stack(0x000000792b600000,0x000000792b700000) (1024K)]
  0x000001ba7d7714d0 JavaThread "Catalina-utility-1"                [_thread_blocked, id=1460, stack(0x000000792be00000,0x000000792bf00000) (1024K)]
  0x000001ba7dcb3930 JavaThread "Catalina-utility-2"                [_thread_blocked, id=17412, stack(0x000000792c000000,0x000000792c100000) (1024K)]
  0x000001ba7dcb3fa0 JavaThread "container-0"                       [_thread_blocked, id=9332, stack(0x000000792c100000,0x000000792c200000) (1024K)]
  0x000001ba7d9486d0 JavaThread "PostgreSQL-JDBC-Cleaner"    daemon [_thread_blocked, id=7040, stack(0x000000792c300000,0x000000792c400000) (1024K)]
  0x000001ba0063c620 JavaThread "HikariPool-1 housekeeper"   daemon [_thread_blocked, id=2696, stack(0x000000792c400000,0x000000792c500000) (1024K)]
  0x000001ba006db310 JavaThread "File Watcher"               daemon [_thread_blocked, id=19196, stack(0x000000792c600000,0x000000792c700000) (1024K)]
  0x000001ba006dac80 JavaThread "Live Reload Server"         daemon [_thread_in_native, id=5628, stack(0x000000792c800000,0x000000792c900000) (1024K)]
  0x000001ba006db9a0 JavaThread "http-nio-8080-exec-1"       daemon [_thread_blocked, id=1060, stack(0x000000792c700000,0x000000792c800000) (1024K)]
  0x000001ba006d9f60 JavaThread "http-nio-8080-exec-2"       daemon [_thread_blocked, id=6000, stack(0x000000792c900000,0x000000792ca00000) (1024K)]
  0x000001ba006dc030 JavaThread "http-nio-8080-exec-3"       daemon [_thread_blocked, id=16840, stack(0x000000792ca00000,0x000000792cb00000) (1024K)]
  0x000001ba006d9240 JavaThread "http-nio-8080-exec-4"       daemon [_thread_blocked, id=15160, stack(0x000000792cb00000,0x000000792cc00000) (1024K)]
  0x000001ba006da5f0 JavaThread "http-nio-8080-exec-5"       daemon [_thread_blocked, id=11172, stack(0x000000792cc00000,0x000000792cd00000) (1024K)]
  0x000001ba03c89a10 JavaThread "http-nio-8080-exec-6"       daemon [_thread_blocked, id=14004, stack(0x000000792cd00000,0x000000792ce00000) (1024K)]
  0x000001ba03c8a730 JavaThread "http-nio-8080-exec-7"       daemon [_thread_blocked, id=17188, stack(0x000000792ce00000,0x000000792cf00000) (1024K)]
  0x000001ba03c8fc80 JavaThread "http-nio-8080-exec-8"       daemon [_thread_blocked, id=9472, stack(0x000000792cf00000,0x000000792d000000) (1024K)]
  0x000001ba03c8b450 JavaThread "http-nio-8080-exec-9"       daemon [_thread_blocked, id=15816, stack(0x000000792d000000,0x000000792d100000) (1024K)]
  0x000001ba03c909a0 JavaThread "http-nio-8080-exec-10"      daemon [_thread_blocked, id=7388, stack(0x000000792d100000,0x000000792d200000) (1024K)]
  0x000001ba03c8adc0 JavaThread "http-nio-8080-Poller"       daemon [_thread_in_native, id=4468, stack(0x000000792d200000,0x000000792d300000) (1024K)]
  0x000001ba03c8f5f0 JavaThread "http-nio-8080-Acceptor"     daemon [_thread_in_native, id=10312, stack(0x000000792d300000,0x000000792d400000) (1024K)]
  0x000001ba03c90310 JavaThread "DestroyJavaVM"                     [_thread_blocked, id=19508, stack(0x000000792a100000,0x000000792a200000) (1024K)]
  0x000001ba7d664f90 JavaThread "C2 CompilerThread1"         daemon [_thread_blocked, id=21048, stack(0x0000007929e00000,0x0000007929f00000) (1024K)]
Total: 34

Other Threads:
  0x000001ba14d44b90 VMThread "VM Thread"                           [id=2492, stack(0x000000792a800000,0x000000792a900000) (1024K)]
  0x000001ba35be0710 WatcherThread "VM Periodic Task Thread"        [id=8620, stack(0x000000792a700000,0x000000792a800000) (1024K)]
  0x000001ba14d46150 WorkerThread "GC Thread#0"                     [id=19512, stack(0x000000792a200000,0x000000792a300000) (1024K)]
  0x000001ba14d452d0 WorkerThread "GC Thread#1"                     [id=7860, stack(0x000000792b700000,0x000000792b800000) (1024K)]
  0x000001ba14d45a10 WorkerThread "GC Thread#2"                     [id=1116, stack(0x000000792b800000,0x000000792b900000) (1024K)]
  0x000001ba7bc4f930 WorkerThread "GC Thread#3"                     [id=18664, stack(0x000000792b900000,0x000000792ba00000) (1024K)]
  0x000001ba7bc51630 WorkerThread "GC Thread#4"                     [id=18960, stack(0x000000792ba00000,0x000000792bb00000) (1024K)]
  0x000001ba7bc50ef0 WorkerThread "GC Thread#5"                     [id=6304, stack(0x000000792bb00000,0x000000792bc00000) (1024K)]
  0x000001ba14fc5530 ConcurrentGCThread "G1 Main Marker"            [id=20004, stack(0x000000792a300000,0x000000792a400000) (1024K)]
  0x000001ba14d464f0 WorkerThread "G1 Conc#0"                       [id=15304, stack(0x000000792a400000,0x000000792a500000) (1024K)]
  0x000001ba7bc519d0 WorkerThread "G1 Conc#1"                       [id=4848, stack(0x000000792bf00000,0x000000792c000000) (1024K)]
  0x000001ba35aa2560 ConcurrentGCThread "G1 Refine#0"               [id=9144, stack(0x000000792a500000,0x000000792a600000) (1024K)]
  0x000001ba35aa30d0 ConcurrentGCThread "G1 Service"                [id=16848, stack(0x000000792a600000,0x000000792a700000) (1024K)]
Total: 13

Threads with active compile tasks:
C2 CompilerThread0  4864072 10397   !   4       sun.nio.ch.IOUtil::read (133 bytes)
Total: 1

VM state: not at safepoint (normal execution)

VM Mutex/Monitor currently owned by a thread: None

Heap address: 0x0000000701400000, size: 4076 MB, Compressed Oops mode: Zero based, Oop shift amount: 3

CDS archive(s) mapped at: [0x000001ba36000000-0x000001ba36c90000-0x000001ba36c90000), size 13172736, SharedBaseAddress: 0x000001ba36000000, ArchiveRelocationMode: 1.
Compressed class space mapped at: 0x000001ba37000000-0x000001ba77000000, reserved size: 1073741824
Narrow klass base: 0x000001ba36000000, Narrow klass shift: 0, Narrow klass range: 0x100000000

GC Precious Log:
 CardTable entry size: 512
 Card Set container configuration: InlinePtr #cards 4 size 8 Array Of Cards #cards 16 size 48 Howl #buckets 8 coarsen threshold 3686 Howl Bitmap #cards 512 size 80 coarsen threshold 460 Card regions per heap region 1 cards per card region 4096
 CPUs: 6 total, 6 available
 Memory: 16296M
 Large Page Support: Disabled
 NUMA Support: Disabled
 Compressed Oops: Enabled (Zero based)
 Heap Region Size: 2M
 Heap Min Capacity: 8M
 Heap Initial Capacity: 256M
 Heap Max Capacity: 4076M
 Pre-touch: Disabled
 Parallel Workers: 6
 Concurrent Workers: 2
 Concurrent Refinement Workers: 6
 Periodic GC: Disabled

Heap:
 garbage-first heap   total 102400K, used 84100K [0x0000000701400000, 0x0000000800000000)
  region size 2048K, 30 young (61440K), 1 survivors (2048K)
 Metaspace       used 69637K, committed 70336K, reserved 1114112K
  class space    used 8988K, committed 9408K, reserved 1048576K

Heap Regions: E=young(eden), S=young(survivor), O=old, HS=humongous(starts), HC=humongous(continues), CS=collection set, F=free, TAMS=top-at-mark-start, PB=parsable bottom
|   0|0x0000000701400000, 0x0000000701600000, 0x0000000701600000|100%| O|  |TAMS 0x0000000701400000| PB 0x0000000701400000| Untracked 
|   1|0x0000000701600000, 0x0000000701800000, 0x0000000701800000|100%| O|  |TAMS 0x0000000701600000| PB 0x0000000701600000| Untracked 
|   2|0x0000000701800000, 0x00000007019eb6b8, 0x0000000701a00000| 95%| O|  |TAMS 0x0000000701800000| PB 0x0000000701800000| Untracked 
|   3|0x0000000701a00000, 0x0000000701c00000, 0x0000000701c00000|100%| O|  |TAMS 0x0000000701a00000| PB 0x0000000701a00000| Untracked 
|   4|0x0000000701c00000, 0x0000000701e00000, 0x0000000701e00000|100%| O|  |TAMS 0x0000000701c00000| PB 0x0000000701c00000| Untracked 
|   5|0x0000000701e00000, 0x0000000701e06880, 0x0000000702000000|  1%| O|  |TAMS 0x0000000701e00000| PB 0x0000000701e00000| Untracked 
|   6|0x0000000702000000, 0x0000000702200000, 0x0000000702200000|100%| O|  |TAMS 0x0000000702000000| PB 0x0000000702000000| Untracked 
|   7|0x0000000702200000, 0x0000000702400000, 0x0000000702400000|100%| O|  |TAMS 0x0000000702200000| PB 0x0000000702200000| Untracked 
|   8|0x0000000702400000, 0x0000000702400000, 0x0000000702600000|  0%| F|  |TAMS 0x0000000702400000| PB 0x0000000702400000| Untracked 
|   9|0x0000000702600000, 0x0000000702800000, 0x0000000702800000|100%| O|  |TAMS 0x0000000702600000| PB 0x0000000702600000| Untracked 
|  10|0x0000000702800000, 0x0000000702a00000, 0x0000000702a00000|100%| O|  |TAMS 0x0000000702800000| PB 0x0000000702800000| Untracked 
|  11|0x0000000702a00000, 0x0000000702c00000, 0x0000000702c00000|100%| O|  |TAMS 0x0000000702a00000| PB 0x0000000702a00000| Untracked 
|  12|0x0000000702c00000, 0x0000000702c00000, 0x0000000702e00000|  0%| F|  |TAMS 0x0000000702c00000| PB 0x0000000702c00000| Untracked 
|  13|0x0000000702e00000, 0x0000000703000000, 0x0000000703000000|100%| O|Cm|TAMS 0x0000000702e00000| PB 0x0000000702e00000| Complete 
|  14|0x0000000703000000, 0x0000000703200000, 0x0000000703200000|100%| O|  |TAMS 0x0000000703000000| PB 0x0000000703000000| Untracked 
|  15|0x0000000703200000, 0x0000000703400000, 0x0000000703400000|100%| O|  |TAMS 0x0000000703200000| PB 0x0000000703200000| Untracked 
|  16|0x0000000703400000, 0x0000000703400000, 0x0000000703600000|  0%| F|  |TAMS 0x0000000703400000| PB 0x0000000703400000| Untracked 
|  17|0x0000000703600000, 0x0000000703600000, 0x0000000703800000|  0%| F|  |TAMS 0x0000000703600000| PB 0x0000000703600000| Untracked 
|  18|0x0000000703800000, 0x0000000703800000, 0x0000000703a00000|  0%| F|  |TAMS 0x0000000703800000| PB 0x0000000703800000| Untracked 
|  19|0x0000000703a00000, 0x0000000703a00000, 0x0000000703c00000|  0%| F|  |TAMS 0x0000000703a00000| PB 0x0000000703a00000| Untracked 
|  20|0x0000000703c00000, 0x0000000703c2f3d8, 0x0000000703e00000|  9%| S|CS|TAMS 0x0000000703c00000| PB 0x0000000703c00000| Complete 
|  21|0x0000000703e00000, 0x0000000704000000, 0x0000000704000000|100%| E|  |TAMS 0x0000000703e00000| PB 0x0000000703e00000| Complete 
|  22|0x0000000704000000, 0x0000000704200000, 0x0000000704200000|100%| E|CS|TAMS 0x0000000704000000| PB 0x0000000704000000| Complete 
|  23|0x0000000704200000, 0x0000000704400000, 0x0000000704400000|100%| E|CS|TAMS 0x0000000704200000| PB 0x0000000704200000| Complete 
|  24|0x0000000704400000, 0x0000000704600000, 0x0000000704600000|100%| E|CS|TAMS 0x0000000704400000| PB 0x0000000704400000| Complete 
|  25|0x0000000704600000, 0x0000000704800000, 0x0000000704800000|100%| E|CS|TAMS 0x0000000704600000| PB 0x0000000704600000| Complete 
|  26|0x0000000704800000, 0x0000000704a00000, 0x0000000704a00000|100%| E|CS|TAMS 0x0000000704800000| PB 0x0000000704800000| Complete 
|  27|0x0000000704a00000, 0x0000000704c00000, 0x0000000704c00000|100%| E|CS|TAMS 0x0000000704a00000| PB 0x0000000704a00000| Complete 
|  28|0x0000000704c00000, 0x0000000704e00000, 0x0000000704e00000|100%| E|CS|TAMS 0x0000000704c00000| PB 0x0000000704c00000| Complete 
|  29|0x0000000704e00000, 0x0000000705000000, 0x0000000705000000|100%| E|CS|TAMS 0x0000000704e00000| PB 0x0000000704e00000| Complete 
|  30|0x0000000705000000, 0x0000000705200000, 0x0000000705200000|100%| E|CS|TAMS 0x0000000705000000| PB 0x0000000705000000| Complete 
|  31|0x0000000705200000, 0x0000000705400000, 0x0000000705400000|100%| E|CS|TAMS 0x0000000705200000| PB 0x0000000705200000| Complete 
|  32|0x0000000705400000, 0x0000000705600000, 0x0000000705600000|100%| E|CS|TAMS 0x0000000705400000| PB 0x0000000705400000| Complete 
|  33|0x0000000705600000, 0x0000000705800000, 0x0000000705800000|100%| E|CS|TAMS 0x0000000705600000| PB 0x0000000705600000| Complete 
|  34|0x0000000705800000, 0x0000000705a00000, 0x0000000705a00000|100%| E|CS|TAMS 0x0000000705800000| PB 0x0000000705800000| Complete 
|  35|0x0000000705a00000, 0x0000000705c00000, 0x0000000705c00000|100%| E|CS|TAMS 0x0000000705a00000| PB 0x0000000705a00000| Complete 
|  36|0x0000000705c00000, 0x0000000705e00000, 0x0000000705e00000|100%| E|CS|TAMS 0x0000000705c00000| PB 0x0000000705c00000| Complete 
|  37|0x0000000705e00000, 0x0000000706000000, 0x0000000706000000|100%| E|CS|TAMS 0x0000000705e00000| PB 0x0000000705e00000| Complete 
|  38|0x0000000706000000, 0x0000000706200000, 0x0000000706200000|100%| E|CS|TAMS 0x0000000706000000| PB 0x0000000706000000| Complete 
|  39|0x0000000706200000, 0x0000000706400000, 0x0000000706400000|100%| E|CS|TAMS 0x0000000706200000| PB 0x0000000706200000| Complete 
|  40|0x0000000706400000, 0x0000000706600000, 0x0000000706600000|100%| E|CS|TAMS 0x0000000706400000| PB 0x0000000706400000| Complete 
|  41|0x0000000706600000, 0x0000000706800000, 0x0000000706800000|100%| E|CS|TAMS 0x0000000706600000| PB 0x0000000706600000| Complete 
|  42|0x0000000706800000, 0x0000000706a00000, 0x0000000706a00000|100%| E|CS|TAMS 0x0000000706800000| PB 0x0000000706800000| Complete 
|  43|0x0000000706a00000, 0x0000000706c00000, 0x0000000706c00000|100%| E|CS|TAMS 0x0000000706a00000| PB 0x0000000706a00000| Complete 
|  44|0x0000000706c00000, 0x0000000706e00000, 0x0000000706e00000|100%| E|CS|TAMS 0x0000000706c00000| PB 0x0000000706c00000| Complete 
|  45|0x0000000706e00000, 0x0000000707000000, 0x0000000707000000|100%| E|CS|TAMS 0x0000000706e00000| PB 0x0000000706e00000| Complete 
|  46|0x0000000707000000, 0x0000000707200000, 0x0000000707200000|100%| E|CS|TAMS 0x0000000707000000| PB 0x0000000707000000| Complete 
|  47|0x0000000707200000, 0x0000000707400000, 0x0000000707400000|100%| E|CS|TAMS 0x0000000707200000| PB 0x0000000707200000| Complete 
|  48|0x0000000707400000, 0x0000000707600000, 0x0000000707600000|100%| E|CS|TAMS 0x0000000707400000| PB 0x0000000707400000| Complete 
| 127|0x0000000711200000, 0x0000000711400000, 0x0000000711400000|100%| E|CS|TAMS 0x0000000711200000| PB 0x0000000711200000| Complete 

Card table byte_map: [0x000001ba2ebc0000,0x000001ba2f3c0000] _byte_map_base: 0x000001ba2b3b6000

Marking Bits: (CMBitMap*) 0x000001ba14fb4be0
 Bits: [0x000001ba2f3c0000, 0x000001ba33370000)

Polling page: 0x000001ba15010000

Metaspace:

Usage:
  Non-class:     59.23 MB used.
      Class:      8.78 MB used.
       Both:     68.01 MB used.

Virtual space:
  Non-class space:       64.00 MB reserved,      59.50 MB ( 93%) committed,  1 nodes.
      Class space:        1.00 GB reserved,       9.19 MB ( <1%) committed,  1 nodes.
             Both:        1.06 GB reserved,      68.69 MB (  6%) committed. 

Chunk freelists:
   Non-Class:  4.22 MB
       Class:  7.00 MB
        Both:  11.22 MB

MaxMetaspaceSize: unlimited
CompressedClassSpaceSize: 1.00 GB
Initial GC threshold: 21.00 MB
Current GC threshold: 114.31 MB
CDS: on
 - commit_granule_bytes: 65536.
 - commit_granule_words: 8192.
 - virtual_space_node_default_size: 8388608.
 - enlarge_chunks_in_place: 1.
 - use_allocation_guard: 0.


Internal statistics:

num_allocs_failed_limit: 9.
num_arena_births: 998.
num_arena_deaths: 314.
num_vsnodes_births: 2.
num_vsnodes_deaths: 0.
num_space_committed: 1099.
num_space_uncommitted: 0.
num_chunks_returned_to_freelist: 366.
num_chunks_taken_from_freelist: 3699.
num_chunk_merges: 92.
num_chunk_splits: 2541.
num_chunks_enlarged: 1959.
num_inconsistent_stats: 0.

CodeHeap 'non-profiled nmethods': size=120000Kb used=6349Kb max_used=6349Kb free=113650Kb
 bounds [0x000001ba26650000, 0x000001ba26cc0000, 0x000001ba2db80000]
CodeHeap 'profiled nmethods': size=120000Kb used=6558Kb max_used=13599Kb free=113442Kb
 bounds [0x000001ba1eb80000, 0x000001ba1f920000, 0x000001ba260b0000]
CodeHeap 'non-nmethods': size=5760Kb used=1747Kb max_used=1860Kb free=4013Kb
 bounds [0x000001ba260b0000, 0x000001ba26320000, 0x000001ba26650000]
 total_blobs=4351 nmethods=3638 adapters=616
 compilation: enabled
              stopped_count=0, restarted_count=0
 full_count=0

Compilation events (20 events):
Event: 4863.725 Thread 0x000001ba35c28220 nmethod 10388 0x000001ba268cf210 code [0x000001ba268cf3a0, 0x000001ba268cf728]
Event: 4863.730 Thread 0x000001ba7d664f90 nmethod 10374 0x000001ba266a0290 code [0x000001ba266a04e0, 0x000001ba266a11e8]
Event: 4863.752 Thread 0x000001ba35c28220 10389       4       org.apache.tomcat.util.buf.MessageBytes::duplicate (128 bytes)
Event: 4863.763 Thread 0x000001ba35c28220 nmethod 10389 0x000001ba26a5f010 code [0x000001ba26a5f1e0, 0x000001ba26a5f828]
Event: 4863.772 Thread 0x000001ba35c28220 10390       4       java.util.ArrayList::hashCodeRange (68 bytes)
Event: 4863.793 Thread 0x000001ba35c28220 nmethod 10390 0x000001ba26879890 code [0x000001ba26879a20, 0x000001ba26879c90]
Event: 4863.802 Thread 0x000001ba35c28220 10391       4       java.util.concurrent.atomic.LongAdder::add (96 bytes)
Event: 4863.827 Thread 0x000001ba7d664f90 10392   !   4       jdk.proxy2.$Proxy28::annotationType (29 bytes)
Event: 4863.828 Thread 0x000001ba35c28220 nmethod 10391 0x000001ba26788f10 code [0x000001ba267890a0, 0x000001ba26789270]
Event: 4863.828 Thread 0x000001ba7d664f90 nmethod 10392 0x000001ba268ced10 code [0x000001ba268ceea0, 0x000001ba268cef80]
Event: 4863.842 Thread 0x000001ba7d664f90 10393       4       java.util.ArrayList::hashCode (22 bytes)
Event: 4863.844 Thread 0x000001ba7d664f90 nmethod 10393 0x000001ba26879290 code [0x000001ba26879420, 0x000001ba268796a8]
Event: 4863.882 Thread 0x000001ba7d664f90 10394       4       sun.nio.cs.UTF_8::newEncoder (9 bytes)
Event: 4863.889 Thread 0x000001ba7d664f90 nmethod 10394 0x000001ba268e2490 code [0x000001ba268e2660, 0x000001ba268e2da0]
Event: 4863.914 Thread 0x000001ba7d664f90 10395       4       org.springframework.core.convert.TypeDescriptor::valueOf (42 bytes)
Event: 4863.921 Thread 0x000001ba7d664f90 nmethod 10395 0x000001ba267a1590 code [0x000001ba267a1780, 0x000001ba267a1e88]
Event: 4863.960 Thread 0x000001ba7d664f90 10396   !   4       java.nio.channels.spi.AbstractSelectableChannel::register (152 bytes)
Event: 4863.963 Thread 0x000001ba35c28220 10397   !   4       sun.nio.ch.IOUtil::read (133 bytes)
Event: 4864.016 Thread 0x000001ba35c2dce0 10399       3       org.apache.coyote.AbstractProtocol$ConnectionHandler::release (70 bytes)
Event: 4864.019 Thread 0x000001ba35c2dce0 nmethod 10399 0x000001ba1ed87690 code [0x000001ba1ed87940, 0x000001ba1ed885d0]

GC Heap History (20 events):
Event: 4846.724 GC heap before
{Heap before GC invocations=33 (full 0):
 garbage-first heap   total 61440K, used 53683K [0x0000000701400000, 0x0000000800000000)
  region size 2048K, 14 young (28672K), 1 survivors (2048K)
 Metaspace       used 69504K, committed 70272K, reserved 1114112K
  class space    used 8987K, committed 9408K, reserved 1048576K
}
Event: 4846.728 GC heap after
{Heap after GC invocations=34 (full 0):
 garbage-first heap   total 61440K, used 27180K [0x0000000701400000, 0x0000000800000000)
  region size 2048K, 1 young (2048K), 1 survivors (2048K)
 Metaspace       used 69504K, committed 70272K, reserved 1114112K
  class space    used 8987K, committed 9408K, reserved 1048576K
}
Event: 4847.382 GC heap before
{Heap before GC invocations=35 (full 0):
 garbage-first heap   total 61440K, used 51756K [0x0000000701400000, 0x0000000800000000)
  region size 2048K, 14 young (28672K), 1 survivors (2048K)
 Metaspace       used 69573K, committed 70272K, reserved 1114112K
  class space    used 8987K, committed 9408K, reserved 1048576K
}
Event: 4847.385 GC heap after
{Heap after GC invocations=36 (full 0):
 garbage-first heap   total 61440K, used 27140K [0x0000000701400000, 0x0000000800000000)
  region size 2048K, 1 young (2048K), 1 survivors (2048K)
 Metaspace       used 69573K, committed 70272K, reserved 1114112K
  class space    used 8987K, committed 9408K, reserved 1048576K
}
Event: 4847.962 GC heap before
{Heap before GC invocations=36 (full 0):
 garbage-first heap   total 61440K, used 51716K [0x0000000701400000, 0x0000000800000000)
  region size 2048K, 14 young (28672K), 1 survivors (2048K)
 Metaspace       used 69606K, committed 70336K, reserved 1114112K
  class space    used 8987K, committed 9408K, reserved 1048576K
}
Event: 4847.967 GC heap after
{Heap after GC invocations=37 (full 0):
 garbage-first heap   total 161792K, used 26700K [0x0000000701400000, 0x0000000800000000)
  region size 2048K, 1 young (2048K), 1 survivors (2048K)
 Metaspace       used 69606K, committed 70336K, reserved 1114112K
  class space    used 8987K, committed 9408K, reserved 1048576K
}
Event: 4851.016 GC heap before
{Heap before GC invocations=37 (full 0):
 garbage-first heap   total 161792K, used 120908K [0x0000000701400000, 0x0000000800000000)
  region size 2048K, 47 young (96256K), 1 survivors (2048K)
 Metaspace       used 69633K, committed 70336K, reserved 1114112K
  class space    used 8987K, committed 9408K, reserved 1048576K
}
Event: 4851.021 GC heap after
{Heap after GC invocations=38 (full 0):
 garbage-first heap   total 161792K, used 26817K [0x0000000701400000, 0x0000000800000000)
  region size 2048K, 1 young (2048K), 1 survivors (2048K)
 Metaspace       used 69633K, committed 70336K, reserved 1114112K
  class space    used 8987K, committed 9408K, reserved 1048576K
}
Event: 4853.577 GC heap before
{Heap before GC invocations=39 (full 0):
 garbage-first heap   total 102400K, used 86209K [0x0000000701400000, 0x0000000800000000)
  region size 2048K, 30 young (61440K), 1 survivors (2048K)
 Metaspace       used 69634K, committed 70336K, reserved 1114112K
  class space    used 8987K, committed 9408K, reserved 1048576K
}
Event: 4853.581 GC heap after
{Heap after GC invocations=40 (full 0):
 garbage-first heap   total 102400K, used 26883K [0x0000000701400000, 0x0000000800000000)
  region size 2048K, 1 young (2048K), 1 survivors (2048K)
 Metaspace       used 69634K, committed 70336K, reserved 1114112K
  class space    used 8987K, committed 9408K, reserved 1048576K
}
Event: 4855.350 GC heap before
{Heap before GC invocations=40 (full 0):
 garbage-first heap   total 102400K, used 86275K [0x0000000701400000, 0x0000000800000000)
  region size 2048K, 30 young (61440K), 1 survivors (2048K)
 Metaspace       used 69634K, committed 70336K, reserved 1114112K
  class space    used 8987K, committed 9408K, reserved 1048576K
}
Event: 4855.352 GC heap after
{Heap after GC invocations=41 (full 0):
 garbage-first heap   total 102400K, used 26637K [0x0000000701400000, 0x0000000800000000)
  region size 2048K, 1 young (2048K), 1 survivors (2048K)
 Metaspace       used 69634K, committed 70336K, reserved 1114112K
  class space    used 8987K, committed 9408K, reserved 1048576K
}
Event: 4856.807 GC heap before
{Heap before GC invocations=41 (full 0):
 garbage-first heap   total 102400K, used 86029K [0x0000000701400000, 0x0000000800000000)
  region size 2048K, 30 young (61440K), 1 survivors (2048K)
 Metaspace       used 69634K, committed 70336K, reserved 1114112K
  class space    used 8987K, committed 9408K, reserved 1048576K
}
Event: 4856.810 GC heap after
{Heap after GC invocations=42 (full 0):
 garbage-first heap   total 102400K, used 26829K [0x0000000701400000, 0x0000000800000000)
  region size 2048K, 1 young (2048K), 1 survivors (2048K)
 Metaspace       used 69634K, committed 70336K, reserved 1114112K
  class space    used 8987K, committed 9408K, reserved 1048576K
}
Event: 4858.209 GC heap before
{Heap before GC invocations=43 (full 0):
 garbage-first heap   total 102400K, used 84173K [0x0000000701400000, 0x0000000800000000)
  region size 2048K, 30 young (61440K), 1 survivors (2048K)
 Metaspace       used 69634K, committed 70336K, reserved 1114112K
  class space    used 8987K, committed 9408K, reserved 1048576K
}
Event: 4858.213 GC heap after
{Heap after GC invocations=44 (full 0):
 garbage-first heap   total 102400K, used 26745K [0x0000000701400000, 0x0000000800000000)
  region size 2048K, 1 young (2048K), 1 survivors (2048K)
 Metaspace       used 69634K, committed 70336K, reserved 1114112K
  class space    used 8987K, committed 9408K, reserved 1048576K
}
Event: 4859.925 GC heap before
{Heap before GC invocations=44 (full 0):
 garbage-first heap   total 102400K, used 84089K [0x0000000701400000, 0x0000000800000000)
  region size 2048K, 30 young (61440K), 1 survivors (2048K)
 Metaspace       used 69634K, committed 70336K, reserved 1114112K
  class space    used 8987K, committed 9408K, reserved 1048576K
}
Event: 4859.927 GC heap after
{Heap after GC invocations=45 (full 0):
 garbage-first heap   total 102400K, used 26623K [0x0000000701400000, 0x0000000800000000)
  region size 2048K, 1 young (2048K), 1 survivors (2048K)
 Metaspace       used 69634K, committed 70336K, reserved 1114112K
  class space    used 8987K, committed 9408K, reserved 1048576K
}
Event: 4861.996 GC heap before
{Heap before GC invocations=45 (full 0):
 garbage-first heap   total 102400K, used 83967K [0x0000000701400000, 0x0000000800000000)
  region size 2048K, 30 young (61440K), 1 survivors (2048K)
 Metaspace       used 69634K, committed 70336K, reserved 1114112K
  class space    used 8987K, committed 9408K, reserved 1048576K
}
Event: 4861.998 GC heap after
{Heap after GC invocations=46 (full 0):
 garbage-first heap   total 102400K, used 26756K [0x0000000701400000, 0x0000000800000000)
  region size 2048K, 1 young (2048K), 1 survivors (2048K)
 Metaspace       used 69634K, committed 70336K, reserved 1114112K
  class space    used 8987K, committed 9408K, reserved 1048576K
}

Dll operation events (13 events):
Event: 0.010 Loaded shared library C:\Users\Aly\.jdks\openjdk-21.0.1\bin\java.dll
Event: 0.012 Loaded shared library C:\Users\Aly\.jdks\openjdk-21.0.1\bin\zip.dll
Event: 0.041 Loaded shared library C:\Users\Aly\.jdks\openjdk-21.0.1\bin\jsvml.dll
Event: 0.173 Loaded shared library C:\Users\Aly\.jdks\openjdk-21.0.1\bin\instrument.dll
Event: 0.206 Loaded shared library C:\Users\Aly\.jdks\openjdk-21.0.1\bin\net.dll
Event: 0.207 Loaded shared library C:\Users\Aly\.jdks\openjdk-21.0.1\bin\nio.dll
Event: 0.213 Loaded shared library C:\Users\Aly\.jdks\openjdk-21.0.1\bin\zip.dll
Event: 0.301 Loaded shared library C:\Users\Aly\.jdks\openjdk-21.0.1\bin\jimage.dll
Event: 0.624 Loaded shared library C:\Users\Aly\.jdks\openjdk-21.0.1\bin\management.dll
Event: 0.626 Loaded shared library C:\Users\Aly\.jdks\openjdk-21.0.1\bin\management_ext.dll
Event: 1.761 Loaded shared library C:\Users\Aly\.jdks\openjdk-21.0.1\bin\sunmscapi.dll
Event: 3.554 Loaded shared library C:\Users\Aly\.jdks\openjdk-21.0.1\bin\verify.dll
Event: 3.780 Loaded shared library C:\Users\Aly\.jdks\openjdk-21.0.1\bin\extnet.dll

Deoptimization events (20 events):
Event: 4864.038 Thread 0x000001ba03c8fc80 DEOPT PACKING pc=0x000001ba1f846724 sp=0x000000792cffcaf0
Event: 4864.038 Thread 0x000001ba03c8fc80 DEOPT UNPACKING pc=0x000001ba26104e42 sp=0x000000792cffc000 mode 1
Event: 4864.038 Thread 0x000001ba03c8a730 DEOPT PACKING pc=0x000001ba26c720d4 sp=0x000000792cefcd80
Event: 4864.038 Thread 0x000001ba03c8a730 DEOPT UNPACKING pc=0x000001ba26104e42 sp=0x000000792cefc248 mode 1
Event: 4864.038 Thread 0x000001ba006db9a0 DEOPT PACKING pc=0x000001ba26c720d4 sp=0x000000792c7fd060
Event: 4864.038 Thread 0x000001ba006db9a0 DEOPT UNPACKING pc=0x000001ba26104e42 sp=0x000000792c7fc528 mode 1
Event: 4864.038 Thread 0x000001ba006d9f60 DEOPT PACKING pc=0x000001ba26c720d4 sp=0x000000792c9fd3c0
Event: 4864.038 Thread 0x000001ba006d9f60 DEOPT UNPACKING pc=0x000001ba26104e42 sp=0x000000792c9fc888 mode 1
Event: 4864.038 Thread 0x000001ba03c8fc80 DEOPT PACKING pc=0x000001ba1f84ae4c sp=0x000000792cffcbb0
Event: 4864.038 Thread 0x000001ba03c8fc80 DEOPT UNPACKING pc=0x000001ba26104e42 sp=0x000000792cffc090 mode 1
Event: 4864.038 Thread 0x000001ba03c8fc80 DEOPT PACKING pc=0x000001ba1f81d9d4 sp=0x000000792cffcc50
Event: 4864.038 Thread 0x000001ba03c8fc80 DEOPT UNPACKING pc=0x000001ba26104e42 sp=0x000000792cffc190 mode 1
Event: 4864.038 Thread 0x000001ba03c8fc80 DEOPT PACKING pc=0x000001ba26c7c7d0 sp=0x000000792cffce30
Event: 4864.038 Thread 0x000001ba03c8fc80 DEOPT UNPACKING pc=0x000001ba26104e42 sp=0x000000792cffc1a8 mode 1
Event: 4864.039 Thread 0x000001ba03c8fc80 DEOPT PACKING pc=0x000001ba26c8b5f4 sp=0x000000792cffd020
Event: 4864.039 Thread 0x000001ba03c8fc80 DEOPT UNPACKING pc=0x000001ba26104e42 sp=0x000000792cffc460 mode 1
Event: 4864.039 Thread 0x000001ba03c8fc80 DEOPT PACKING pc=0x000001ba26c4d704 sp=0x000000792cffd170
Event: 4864.039 Thread 0x000001ba03c8fc80 DEOPT UNPACKING pc=0x000001ba26104e42 sp=0x000000792cffc648 mode 1
Event: 4864.039 Thread 0x000001ba03c8fc80 DEOPT PACKING pc=0x000001ba26c720d4 sp=0x000000792cffd2e0
Event: 4864.039 Thread 0x000001ba03c8fc80 DEOPT UNPACKING pc=0x000001ba26104e42 sp=0x000000792cffc7a8 mode 1

Classes loaded (20 events):
Event: 4677.963 Loading class com/fasterxml/jackson/databind/ser/std/StdKeySerializer
Event: 4677.963 Loading class com/fasterxml/jackson/databind/ser/std/StdKeySerializer done
Event: 4677.963 Loading class com/fasterxml/jackson/databind/ser/std/StdKeySerializers$StringKeySerializer
Event: 4677.963 Loading class com/fasterxml/jackson/databind/ser/std/StdKeySerializers$StringKeySerializer done
Event: 4677.963 Loading class com/fasterxml/jackson/databind/ser/std/StdKeySerializers$Dynamic
Event: 4677.963 Loading class com/fasterxml/jackson/databind/ser/std/StdKeySerializers$Dynamic done
Event: 4677.963 Loading class com/fasterxml/jackson/databind/ser/std/StdKeySerializers$Default
Event: 4677.963 Loading class com/fasterxml/jackson/databind/ser/std/StdKeySerializers$Default done
Event: 4677.964 Loading class com/fasterxml/jackson/databind/ser/std/StdKeySerializers$EnumKeySerializer
Event: 4677.964 Loading class com/fasterxml/jackson/databind/ser/std/StdKeySerializers$EnumKeySerializer done
Event: 4677.967 Loading class com/fasterxml/jackson/databind/ser/impl/PropertySerializerMap$Multi
Event: 4677.967 Loading class com/fasterxml/jackson/databind/ser/impl/PropertySerializerMap$Multi done
Event: 4677.968 Loading class com/fasterxml/jackson/databind/ser/impl/PropertySerializerMap$TypeAndSerializer
Event: 4677.968 Loading class com/fasterxml/jackson/databind/ser/impl/PropertySerializerMap$TypeAndSerializer done
Event: 4842.068 Loading class java/util/concurrent/locks/ReentrantReadWriteLock$Sync$HoldCounter
Event: 4842.069 Loading class java/util/concurrent/locks/ReentrantReadWriteLock$Sync$HoldCounter done
Event: 4848.609 Loading class sun/util/locale/LocaleExtensions
Event: 4848.610 Loading class sun/util/locale/LocaleExtensions done
Event: 4863.572 Loading class com/fasterxml/jackson/core/json/DupDetector
Event: 4863.572 Loading class com/fasterxml/jackson/core/json/DupDetector done

Classes unloaded (20 events):
Event: 4843.015 Thread 0x000001ba14d44b90 Unloading class 0x000001ba37039800 'java/lang/invoke/LambdaForm$MH+0x000001ba37039800'
Event: 4843.015 Thread 0x000001ba14d44b90 Unloading class 0x000001ba37039400 'java/lang/invoke/LambdaForm$MH+0x000001ba37039400'
Event: 4843.015 Thread 0x000001ba14d44b90 Unloading class 0x000001ba37039000 'java/lang/invoke/LambdaForm$MH+0x000001ba37039000'
Event: 4843.015 Thread 0x000001ba14d44b90 Unloading class 0x000001ba3701a000 'java/lang/invoke/LambdaForm$MH+0x000001ba3701a000'
Event: 4843.015 Thread 0x000001ba14d44b90 Unloading class 0x000001ba37019000 'java/lang/invoke/LambdaForm$MH+0x000001ba37019000'
Event: 4843.015 Thread 0x000001ba14d44b90 Unloading class 0x000001ba37018400 'java/lang/invoke/LambdaForm$MH+0x000001ba37018400'
Event: 4843.015 Thread 0x000001ba14d44b90 Unloading class 0x000001ba37018000 'java/lang/invoke/LambdaForm$MH+0x000001ba37018000'
Event: 4843.015 Thread 0x000001ba14d44b90 Unloading class 0x000001ba37017800 'java/lang/invoke/LambdaForm$MH+0x000001ba37017800'
Event: 4843.015 Thread 0x000001ba14d44b90 Unloading class 0x000001ba37017400 'java/lang/invoke/LambdaForm$MH+0x000001ba37017400'
Event: 4843.015 Thread 0x000001ba14d44b90 Unloading class 0x000001ba37017000 'java/lang/invoke/LambdaForm$MH+0x000001ba37017000'
Event: 4843.015 Thread 0x000001ba14d44b90 Unloading class 0x000001ba37016400 'java/lang/invoke/LambdaForm$MH+0x000001ba37016400'
Event: 4843.015 Thread 0x000001ba14d44b90 Unloading class 0x000001ba37015400 'java/lang/invoke/LambdaForm$MH+0x000001ba37015400'
Event: 4843.015 Thread 0x000001ba14d44b90 Unloading class 0x000001ba37014800 'java/lang/invoke/LambdaForm$MH+0x000001ba37014800'
Event: 4843.015 Thread 0x000001ba14d44b90 Unloading class 0x000001ba37014000 'java/lang/invoke/LambdaForm$MH+0x000001ba37014000'
Event: 4843.015 Thread 0x000001ba14d44b90 Unloading class 0x000001ba37002000 'java/lang/invoke/LambdaForm$MH+0x000001ba37002000'
Event: 4843.015 Thread 0x000001ba14d44b90 Unloading class 0x000001ba37001c00 'java/lang/invoke/LambdaForm$MH+0x000001ba37001c00'
Event: 4843.015 Thread 0x000001ba14d44b90 Unloading class 0x000001ba37001800 'java/lang/invoke/LambdaForm$MH+0x000001ba37001800'
Event: 4843.015 Thread 0x000001ba14d44b90 Unloading class 0x000001ba37001000 'java/lang/invoke/LambdaForm$MH+0x000001ba37001000'
Event: 4844.914 Thread 0x000001ba14d44b90 Unloading class 0x000001ba37910400 'java/lang/invoke/LambdaForm$MH+0x000001ba37910400'
Event: 4844.914 Thread 0x000001ba14d44b90 Unloading class 0x000001ba37910000 'java/lang/invoke/LambdaForm$BMH+0x000001ba37910000'

Classes redefined (0 events):
No events

Internal exceptions (20 events):
Event: 5.602 Thread 0x000001ba7bcfd6c0 Exception <a 'java/lang/NoSuchMethodError'{0x00000007038cc7c8}: 'java.lang.Object java.lang.invoke.DirectMethodHandle$Holder.invokeSpecial(java.lang.Object, java.lang.Object, int, java.lang.Object, int, java.lang.Object)'> (0x00000007038cc7c8) 
thrown [s\open\src\hotspot\share\interpreter\linkResolver.cpp, line 773]
Event: 5.603 Thread 0x000001ba7bcfd6c0 Exception <a 'java/lang/NoSuchMethodError'{0x00000007038d3b98}: 'java.lang.Object java.lang.invoke.DirectMethodHandle$Holder.newInvokeSpecial(java.lang.Object, java.lang.Object, int, java.lang.Object, int)'> (0x00000007038d3b98) 
thrown [s\open\src\hotspot\share\interpreter\linkResolver.cpp, line 773]
Event: 5.603 Thread 0x000001ba7bcfd6c0 Exception <a 'java/lang/NoSuchMethodError'{0x00000007038d7a08}: 'java.lang.Object java.lang.invoke.DirectMethodHandle$Holder.invokeSpecial(java.lang.Object, java.lang.Object, java.lang.Object, int, java.lang.Object, int)'> (0x00000007038d7a08) 
thrown [s\open\src\hotspot\share\interpreter\linkResolver.cpp, line 773]
Event: 9.237 Thread 0x000001ba006db9a0 Exception <a 'java/lang/NoSuchMethodError'{0x00000007035938a0}: 'java.lang.Object java.lang.invoke.DirectMethodHandle$Holder.invokeSpecial(java.lang.Object, java.lang.Object, java.lang.Object, java.lang.Object, java.lang.Object, long)'> (0x00000007035938a0) 
thrown [s\open\src\hotspot\share\interpreter\linkResolver.cpp, line 773]
Event: 9.238 Thread 0x000001ba006db9a0 Exception <a 'java/lang/NoSuchMethodError'{0x0000000703597060}: 'java.lang.Object java.lang.invoke.Invokers$Holder.linkToTargetMethod(java.lang.Object, java.lang.Object, java.lang.Object, long, java.lang.Object)'> (0x0000000703597060) 
thrown [s\open\src\hotspot\share\interpreter\linkResolver.cpp, line 773]
Event: 9.633 Thread 0x000001ba006db9a0 Exception <a 'java/lang/IncompatibleClassChangeError'{0x00000007042fe7f0}: Found class java.lang.Object, but interface was expected> (0x00000007042fe7f0) 
thrown [s\open\src\hotspot\share\interpreter\linkResolver.cpp, line 840]
Event: 9.640 Thread 0x000001ba006db9a0 Exception <a 'java/lang/NoSuchMethodError'{0x000000070433ab58}: 'long java.lang.invoke.DelegatingMethodHandle$Holder.reinvoke_L(java.lang.Object, java.lang.Object)'> (0x000000070433ab58) 
thrown [s\open\src\hotspot\share\interpreter\linkResolver.cpp, line 773]
Event: 9.641 Thread 0x000001ba006db9a0 Exception <a 'java/lang/IncompatibleClassChangeError'{0x0000000704344768}: Found class java.lang.Object, but interface was expected> (0x0000000704344768) 
thrown [s\open\src\hotspot\share\interpreter\linkResolver.cpp, line 840]
Event: 9.641 Thread 0x000001ba006db9a0 Exception <a 'java/lang/IncompatibleClassChangeError'{0x00000007043454c8}: Found class java.lang.Object, but interface was expected> (0x00000007043454c8) 
thrown [s\open\src\hotspot\share\interpreter\linkResolver.cpp, line 840]
Event: 9.641 Thread 0x000001ba006db9a0 Exception <a 'java/lang/IncompatibleClassChangeError'{0x0000000704348898}: Found class java.lang.Object, but interface was expected> (0x0000000704348898) 
thrown [s\open\src\hotspot\share\interpreter\linkResolver.cpp, line 840]
Event: 1661.914 Thread 0x000001ba006db9a0 Exception <a 'java/lang/NoSuchMethodError'{0x0000000703ba77e8}: 'java.lang.Object java.lang.invoke.DirectMethodHandle$Holder.invokeInterface(java.lang.Object, java.lang.Object, java.lang.Object, java.lang.Object, java.lang.Object)'> (0x0000000703ba77e8) 
thrown [s\open\src\hotspot\share\interpreter\linkResolver.cpp, line 773]
Event: 1661.923 Thread 0x000001ba006db9a0 Exception <a 'java/lang/NoSuchMethodError'{0x0000000703bea768}: 'void java.lang.invoke.DirectMethodHandle$Holder.invokeSpecialIFC(java.lang.Object, java.lang.Object, int, java.lang.Object, java.lang.Object, java.lang.Object, java.lang.Object)'> (0x0000000703bea768) 
thrown [s\open\src\hotspot\share\interpreter\linkResolver.cpp, line 773]
Event: 4860.671 Thread 0x000001ba03c8fc80 Implicit null exception at 0x000001ba26c341ca to 0x000001ba26c3a3d8
Event: 4860.671 Thread 0x000001ba03c8b450 Implicit null exception at 0x000001ba26c341ca to 0x000001ba26c3a3d8
Event: 4860.673 Thread 0x000001ba03c8b450 Implicit null exception at 0x000001ba26c341ca to 0x000001ba26c3a3d8
Event: 4860.673 Thread 0x000001ba03c8fc80 Implicit null exception at 0x000001ba26c341ca to 0x000001ba26c3a3d8
Event: 4860.746 Thread 0x000001ba03c89a10 Implicit null exception at 0x000001ba26c41785 to 0x000001ba26c46bf8
Event: 4863.778 Thread 0x000001ba03c909a0 Exception <a 'java/io/IOException'{0x0000000704644ee0}> (0x0000000704644ee0) 
thrown [s\open\src\hotspot\share\prims\jni.cpp, line 520]
Event: 4863.815 Thread 0x000001ba03c909a0 Exception <a 'java/net/SocketException'{0x00000007047caac8}: Connection reset by peer: shutdown> (0x00000007047caac8) 
thrown [s\open\src\hotspot\share\prims\jni.cpp, line 539]
Event: 4863.936 Thread 0x000001ba006d9240 Exception <a 'java/net/SocketException'{0x000000070412ef48}: Connection reset by peer: shutdown> (0x000000070412ef48) 
thrown [s\open\src\hotspot\share\prims\jni.cpp, line 539]

ZGC Phase Switch (0 events):
No events

VM Operations (20 events):
Event: 4857.869 Executing VM operation: Cleanup
Event: 4857.869 Executing VM operation: Cleanup done
Event: 4858.209 Executing VM operation: G1CollectForAllocation (G1 Evacuation Pause)
Event: 4858.213 Executing VM operation: G1CollectForAllocation (G1 Evacuation Pause) done
Event: 4859.220 Executing VM operation: Cleanup
Event: 4859.220 Executing VM operation: Cleanup done
Event: 4859.925 Executing VM operation: G1CollectForAllocation (G1 Evacuation Pause)
Event: 4859.927 Executing VM operation: G1CollectForAllocation (G1 Evacuation Pause) done
Event: 4860.941 Executing VM operation: Cleanup
Event: 4860.941 Executing VM operation: Cleanup done
Event: 4861.943 Executing VM operation: Cleanup
Event: 4861.943 Executing VM operation: Cleanup done
Event: 4861.996 Executing VM operation: G1CollectForAllocation (G1 Evacuation Pause)
Event: 4861.998 Executing VM operation: G1CollectForAllocation (G1 Evacuation Pause) done
Event: 4862.021 Executing VM operation: G1PauseRemark
Event: 4862.026 Executing VM operation: G1PauseRemark done
Event: 4862.038 Executing VM operation: G1PauseCleanup
Event: 4862.038 Executing VM operation: G1PauseCleanup done
Event: 4863.052 Executing VM operation: Cleanup
Event: 4863.052 Executing VM operation: Cleanup done

Events (20 events):
Event: 4862.026 Thread 0x000001ba14d44b90 flushing nmethod 0x000001ba1eb80010
Event: 4862.026 Thread 0x000001ba14d44b90 flushing nmethod 0x000001ba1ed14f10
Event: 4862.026 Thread 0x000001ba14d44b90 flushing nmethod 0x000001ba1ed22290
Event: 4862.026 Thread 0x000001ba14d44b90 flushing nmethod 0x000001ba1ecf4c90
Event: 4862.026 Thread 0x000001ba14d44b90 flushing nmethod 0x000001ba1ec54290
Event: 4862.026 Thread 0x000001ba14d44b90 flushing nmethod 0x000001ba1ec96590
Event: 4862.026 Thread 0x000001ba14d44b90 flushing nmethod 0x000001ba1ecd7f10
Event: 4862.026 Thread 0x000001ba14d44b90 flushing nmethod 0x000001ba1ecbc010
Event: 4862.026 Thread 0x000001ba14d44b90 flushing nmethod 0x000001ba1ec91c90
Event: 4862.026 Thread 0x000001ba14d44b90 flushing nmethod 0x000001ba1ec84b90
Event: 4862.026 Thread 0x000001ba14d44b90 flushing nmethod 0x000001ba1ec82610
Event: 4862.026 Thread 0x000001ba14d44b90 flushing nmethod 0x000001ba1ebf3510
Event: 4862.026 Thread 0x000001ba14d44b90 flushing nmethod 0x000001ba1ec46c10
Event: 4862.026 Thread 0x000001ba14d44b90 flushing nmethod 0x000001ba1ec01990
Event: 4862.026 Thread 0x000001ba14d44b90 flushing nmethod 0x000001ba1eba2a90
Event: 4862.026 Thread 0x000001ba14d44b90 flushing nmethod 0x000001ba1eb86f90
Event: 4862.026 Thread 0x000001ba14d44b90 flushing nmethod 0x000001ba26a32710
Event: 4862.026 Thread 0x000001ba14d44b90 flushing nmethod 0x000001ba26725b90
Event: 4862.026 Thread 0x000001ba14d44b90 flushing nmethod 0x000001ba267ae790
Event: 4862.511 Thread 0x000001ba7d664f90 Thread added: 0x000001ba7d664f90


Dynamic libraries:
0x00007ff673af0000 - 0x00007ff673afe000 	C:\Users\Aly\.jdks\openjdk-21.0.1\bin\java.exe
0x00007ff87b3d0000 - 0x00007ff87b5e7000 	C:\Windows\SYSTEM32\ntdll.dll
0x00007ff879120000 - 0x00007ff8791e4000 	C:\Windows\System32\KERNEL32.DLL
0x00007ff878b30000 - 0x00007ff878ed6000 	C:\Windows\System32\KERNELBASE.dll
0x00007ff879000000 - 0x00007ff879111000 	C:\Windows\System32\ucrtbase.dll
0x00007ff868900000 - 0x00007ff86891b000 	C:\Users\Aly\.jdks\openjdk-21.0.1\bin\VCRUNTIME140.dll
0x00007ff867f10000 - 0x00007ff867f28000 	C:\Users\Aly\.jdks\openjdk-21.0.1\bin\jli.dll
0x00007ff8798d0000 - 0x00007ff879a7e000 	C:\Windows\System32\USER32.dll
0x00007ff867800000 - 0x00007ff867a93000 	C:\Windows\WinSxS\amd64_microsoft.windows.common-controls_6595b64144ccf1df_6.0.22621.2506_none_270c5ae97388e100\COMCTL32.dll
0x00007ff879590000 - 0x00007ff879637000 	C:\Windows\System32\msvcrt.dll
0x00007ff8792b0000 - 0x00007ff8792d9000 	C:\Windows\System32\GDI32.dll
0x00007ff878a10000 - 0x00007ff878a36000 	C:\Windows\System32\win32u.dll
0x00007ff878ee0000 - 0x00007ff878ff8000 	C:\Windows\System32\gdi32full.dll
0x00007ff878740000 - 0x00007ff8787da000 	C:\Windows\System32\msvcp_win.dll
0x00007ff87aa50000 - 0x00007ff87aa81000 	C:\Windows\System32\IMM32.DLL
0x00007ff868e00000 - 0x00007ff868e0c000 	C:\Users\Aly\.jdks\openjdk-21.0.1\bin\vcruntime140_1.dll
0x00007ff84cb40000 - 0x00007ff84cbce000 	C:\Users\Aly\.jdks\openjdk-21.0.1\bin\msvcp140.dll
0x00007ffff1b20000 - 0x00007ffff2835000 	C:\Users\Aly\.jdks\openjdk-21.0.1\bin\server\jvm.dll
0x00007ff8791f0000 - 0x00007ff8792a1000 	C:\Windows\System32\ADVAPI32.dll
0x00007ff8797d0000 - 0x00007ff879875000 	C:\Windows\System32\sechost.dll
0x00007ff87ae40000 - 0x00007ff87af57000 	C:\Windows\System32\RPCRT4.dll
0x00007ff879f00000 - 0x00007ff879f71000 	C:\Windows\System32\WS2_32.dll
0x00007ff877eb0000 - 0x00007ff877efd000 	C:\Windows\SYSTEM32\POWRPROF.dll
0x00007ff8666f0000 - 0x00007ff866724000 	C:\Windows\SYSTEM32\WINMM.dll
0x00007ff86f280000 - 0x00007ff86f28a000 	C:\Windows\SYSTEM32\VERSION.dll
0x00007ff877d60000 - 0x00007ff877d73000 	C:\Windows\SYSTEM32\UMPDC.dll
0x00007ff8776e0000 - 0x00007ff8776f8000 	C:\Windows\SYSTEM32\kernel.appcore.dll
0x00007ff8688f0000 - 0x00007ff8688fa000 	C:\Users\Aly\.jdks\openjdk-21.0.1\bin\jimage.dll
0x00007ff864c00000 - 0x00007ff864e33000 	C:\Windows\SYSTEM32\DBGHELP.DLL
0x00007ff87aab0000 - 0x00007ff87ae39000 	C:\Windows\System32\combase.dll
0x00007ff8796f0000 - 0x00007ff8797c7000 	C:\Windows\System32\OLEAUT32.dll
0x00007ff85b480000 - 0x00007ff85b4b2000 	C:\Windows\SYSTEM32\dbgcore.DLL
0x00007ff878ab0000 - 0x00007ff878b2a000 	C:\Windows\System32\bcryptPrimitives.dll
0x00007ff84d090000 - 0x00007ff84d0cc000 	C:\Users\Aly\.jdks\openjdk-21.0.1\bin\jdwp.dll
0x00007ff84d6f0000 - 0x00007ff84d6ff000 	C:\Users\Aly\.jdks\openjdk-21.0.1\bin\instrument.dll
0x00007ff866280000 - 0x00007ff86629f000 	C:\Users\Aly\.jdks\openjdk-21.0.1\bin\java.dll
0x00007ff855840000 - 0x00007ff855858000 	C:\Users\Aly\.jdks\openjdk-21.0.1\bin\zip.dll
0x00007ff879f80000 - 0x00007ff87a7da000 	C:\Windows\System32\SHELL32.dll
0x00007ff876650000 - 0x00007ff876f46000 	C:\Windows\SYSTEM32\windows.storage.dll
0x00007ff876510000 - 0x00007ff87664e000 	C:\Windows\SYSTEM32\wintypes.dll
0x00007ff8793d0000 - 0x00007ff8794c3000 	C:\Windows\System32\SHCORE.dll
0x00007ff87afd0000 - 0x00007ff87b02e000 	C:\Windows\System32\shlwapi.dll
0x00007ff878670000 - 0x00007ff878696000 	C:\Windows\SYSTEM32\profapi.dll
0x00007ff84c760000 - 0x00007ff84c837000 	C:\Users\Aly\.jdks\openjdk-21.0.1\bin\jsvml.dll
0x00007ff84d050000 - 0x00007ff84d05c000 	C:\Users\Aly\.jdks\openjdk-21.0.1\bin\dt_socket.dll
0x00007ff8771f0000 - 0x00007ff87721d000 	C:\Windows\SYSTEM32\IPHLPAPI.DLL
0x00007ff877c30000 - 0x00007ff877c99000 	C:\Windows\system32\mswsock.dll
0x00007ff858310000 - 0x00007ff858320000 	C:\Users\Aly\.jdks\openjdk-21.0.1\bin\net.dll
0x00007ff872db0000 - 0x00007ff872ee7000 	C:\Windows\SYSTEM32\WINHTTP.dll
0x00007ff8582f0000 - 0x00007ff858306000 	C:\Users\Aly\.jdks\openjdk-21.0.1\bin\nio.dll
0x00007ff84d040000 - 0x00007ff84d04a000 	C:\Users\Aly\.jdks\openjdk-21.0.1\bin\management.dll
0x00007ff84cc20000 - 0x00007ff84cc2b000 	C:\Users\Aly\.jdks\openjdk-21.0.1\bin\management_ext.dll
0x00007ff87a940000 - 0x00007ff87a948000 	C:\Windows\System32\PSAPI.DLL
0x00007ff84cc10000 - 0x00007ff84cc1e000 	C:\Users\Aly\.jdks\openjdk-21.0.1\bin\sunmscapi.dll
0x00007ff8787e0000 - 0x00007ff878946000 	C:\Windows\System32\CRYPT32.dll
0x00007ff8780a0000 - 0x00007ff8780cd000 	C:\Windows\SYSTEM32\ncrypt.dll
0x00007ff878060000 - 0x00007ff878097000 	C:\Windows\SYSTEM32\NTASN1.dll
0x00007ff877f00000 - 0x00007ff877f1b000 	C:\Windows\SYSTEM32\CRYPTSP.dll
0x00007ff8776a0000 - 0x00007ff8776d5000 	C:\Windows\system32\rsaenh.dll
0x00007ff877d30000 - 0x00007ff877d5c000 	C:\Windows\SYSTEM32\USERENV.dll
0x00007ff8780d0000 - 0x00007ff8780f8000 	C:\Windows\SYSTEM32\bcrypt.dll
0x00007ff877f20000 - 0x00007ff877f2c000 	C:\Windows\SYSTEM32\CRYPTBASE.dll
0x00007ff87a7e0000 - 0x00007ff87a7e9000 	C:\Windows\System32\NSI.dll
0x00007ff8539e0000 - 0x00007ff8539f0000 	C:\Users\Aly\.jdks\openjdk-21.0.1\bin\verify.dll
0x00007ff877220000 - 0x00007ff877319000 	C:\Windows\SYSTEM32\DNSAPI.dll
0x00007ff86f7a0000 - 0x00007ff86f7aa000 	C:\Windows\System32\rasadhlp.dll
0x00007ff8721a0000 - 0x00007ff872223000 	C:\Windows\System32\fwpuclnt.dll
0x00007ff854330000 - 0x00007ff854337000 	C:\Users\Aly\.jdks\openjdk-21.0.1\bin\extnet.dll
0x00007ff86d480000 - 0x00007ff86d488000 	C:\Windows\system32\wshunix.dll

dbghelp: loaded successfully - version: 4.0.5 - missing functions: none
symbol engine: initialized successfully - sym options: 0x614 - pdb path: .;C:\Users\Aly\.jdks\openjdk-21.0.1\bin;C:\Windows\SYSTEM32;C:\Windows\WinSxS\amd64_microsoft.windows.common-controls_6595b64144ccf1df_6.0.22621.2506_none_270c5ae97388e100;C:\Users\Aly\.jdks\openjdk-21.0.1\bin\server

VM Arguments:
jvm_args: -agentlib:jdwp=transport=dt_socket,address=127.0.0.1:57247,suspend=y,server=n -javaagent:C:\Users\Aly\AppData\Local\JetBrains\IdeaIC2023.3\captureAgent\debugger-agent.jar -Dfile.encoding=UTF-8 -Dsun.stdout.encoding=UTF-8 -Dsun.stderr.encoding=UTF-8 
java_command: com.full.servicos.ServicosApplication
java_class_path (initial): C:\Users\Aly\IdeaProjects\udemy\backend\servicos\target\classes;C:\Users\Aly\.m2\repository\org\springframework\boot\spring-boot-starter-data-jpa\3.2.0\spring-boot-starter-data-jpa-3.2.0.jar;C:\Users\Aly\.m2\repository\org\springframework\boot\spring-boot-starter-aop\3.2.0\spring-boot-starter-aop-3.2.0.jar;C:\Users\Aly\.m2\repository\org\springframework\spring-aop\6.1.1\spring-aop-6.1.1.jar;C:\Users\Aly\.m2\repository\org\aspectj\aspectjweaver\1.9.20.1\aspectjweaver-1.9.20.1.jar;C:\Users\Aly\.m2\repository\org\springframework\boot\spring-boot-starter-jdbc\3.2.0\spring-boot-starter-jdbc-3.2.0.jar;C:\Users\Aly\.m2\repository\com\zaxxer\HikariCP\5.0.1\HikariCP-5.0.1.jar;C:\Users\Aly\.m2\repository\org\springframework\spring-jdbc\6.1.1\spring-jdbc-6.1.1.jar;C:\Users\Aly\.m2\repository\org\hibernate\orm\hibernate-core\6.3.1.Final\hibernate-core-6.3.1.Final.jar;C:\Users\Aly\.m2\repository\jakarta\persistence\jakarta.persistence-api\3.1.0\jakarta.persistence-api-3.1.0.jar;C:\Users\Aly\.m2\repository\jakarta\transaction\jakarta.transaction-api\2.0.1\jakarta.transaction-api-2.0.1.jar;C:\Users\Aly\.m2\repository\org\jboss\logging\jboss-logging\3.5.3.Final\jboss-logging-3.5.3.Final.jar;C:\Users\Aly\.m2\repository\org\hibernate\common\hibernate-commons-annotations\6.0.6.Final\hibernate-commons-annotations-6.0.6.Final.jar;C:\Users\Aly\.m2\repository\io\smallrye\jandex\3.1.2\jandex-3.1.2.jar;C:\Users\Aly\.m2\repository\com\fasterxml\classmate\1.6.0\classmate-1.6.0.jar;C:\Users\Aly\.m2\repository\net\bytebuddy\byte-buddy\1.14.10\byte-buddy-1.14.10.jar;C:\Users\Aly\.m2\repository\org\glassfish\jaxb\jaxb-runtime\4.0.4\jaxb-runtime-4.0.4.jar;C:\Users\Aly\.m2\repository\org\glassfish\jaxb\jaxb-core\4.0.4\jaxb-core-4.0.4.jar;C:\Users\Aly\.m2\repository\org\eclipse\angus\angus-activation\2.0.1\angus-activation-2.0.1.jar;C:\Users\Aly\.m2\repository\org\glassfish\jaxb\txw2\4.0.4\txw2-4.0.4.jar;C:\Users\Aly\.m2\repository\com\sun\istack\istack-commons-runtime\4.1.2\istack-commons-runtime-4.1.2.jar;C:\Users\Aly\.m2\repository\jakarta\inject\jakarta.inject-api\2.0.1\jakarta.inject-api-2.0.1.jar;C:\Users\Aly\.m2\repository\org\antlr\antlr4-runtime\4.10.1\antlr4-runtime-4.10.1.jar;C:\Users\Aly\.m2\repository\org\springframework\data\spring-data-jpa\3.2.0\spring-data-jpa-3.2.0.jar;C:\Users\Aly\.m2\repository\org\springframework\data\spring-data-commons\3.2.0\spring-data-commons-3.2.0.jar;C:\Users\Aly\.m2\repository\org\springframework\spring-orm\6.1.1\spring-orm-6.1.1.jar;C:\Users\Aly\.m2\repository\org\springframework\spring-context\6.1.1\spring-context-6.1.1.jar;C:\Users\Aly\.m2\repository\org\springframework\spring-tx\6.1.1\spring-tx-6.1.1.jar;C:\Users\Aly\.m2\repository\org\springframework\spring-beans\6.1.1\spring-beans-6.1.1.jar;C:\Users\Aly\.m2\repository\jakarta\annotation\jakarta.annotation-api\2.1.1\jakarta.annotation-api-2.1.1.jar;C:\Users\Aly\.m2\repository\org\slf4j\slf4j-api\2.0.9\slf4j-api-2.0.9.jar;C:\Users\Aly\.m2\repository\org\springframework\spring-aspects\6.1.1\spring-aspects-6.1.1.jar;C:\Users\Aly\.m2\repository\org\springframework\boot\spring-boot-starter-web\3.2.0\spring-boot-starter-web-3.2.0.jar;C:\Users\Aly\.m2\repository\org\springframework\boot\spring-boot-starter\3.2.0\spring-boot-starter-3.2.0.jar;C:\Users\Aly\.m2\repository\org\springframework\boot\spring-boot-starter-logging\3.2.0\spring-boot-starter-logging-3.2.0.jar;C:\Users\Aly\.m2\repository\ch\qos\logback\logback-classic\1.4.11\logback-classic-1.4.11.jar;C:\Users\Aly\.m2\repository\ch\qos\logback\logback-core\1.4.11\logback-core-1.4.11.jar;C:\Users\Aly\.m2\repository\org\apache\logging\log4j\log4j-to-slf4j\2.21.1\log4j-to-slf4j-2.21.1.jar;C:\Users\Aly\.m2\repository\org\apache\logging\log4j\log4j-api\2.21.1\log4j-api-2.21.1.jar;C:\Users\Aly\.m2\repository\org\slf4j\jul-to-slf4j\2.0.9\jul-to-slf4j-2.0.9.jar;C:\Users\Aly\.m2\repository\org\yaml\snakeyaml\2.2\snakeyaml-2.2.jar;C:\Users\Aly\.m2\repository\org\springframework\boot\spring-boot-starter-json\3.2.0\spring-boot-starter-json-3.2.0.jar;C:\Users\Aly\.m2\repository\com\fasterxml\jackson\core\jackson-databind\2.15.3\jackson-databind-2.15.3.jar;C:\Users\Aly\.m2\repository\com\fasterxml\jackson\core\jackson-annotations\2.15.3\jackson-annotations-2.15.3.jar;C:\Users\Aly\.m2\repository\com\fasterxml\jackson\core\jackson-core\2.15.3\jackson-core-2.15.3.jar;C:\Users\Aly\.m2\repository\com\fasterxml\jackson\datatype\jackson-datatype-jdk8\2.15.3\jackson-datatype-jdk8-2.15.3.jar;C:\Users\Aly\.m2\repository\com\fasterxml\jackson\datatype\jackson-datatype-jsr310\2.15.3\jackson-datatype-jsr310-2.15.3.jar;C:\Users\Aly\.m2\repository\com\fasterxml\jackson\module\jackson-module-parameter-names\2.15.3\jackson-module-parameter-names-2.15.3.jar;C:\Users\Aly\.m2\repository\org\springframework\boot\spring-boot-starter-tomcat\3.2.0\spring-boot-starter-tomcat-3.2.0.jar;C:\Users\Aly\.m2\repository\org\apache\tomcat\embed\tomcat-embed-core\10.1.16\tomcat-embed-core-10.1.16.jar;C:\Users\Aly\.m2\repository\org\apache\tomcat\embed\tomcat-embed-websocket\10.1.16\tomcat-embed-websocket-10.1.16.jar;C:\Users\Aly\.m2\repository\org\springframework\spring-web\6.1.1\spring-web-6.1.1.jar;C:\Users\Aly\.m2\repository\io\micrometer\micrometer-observation\1.12.0\micrometer-observation-1.12.0.jar;C:\Users\Aly\.m2\repository\io\micrometer\micrometer-commons\1.12.0\micrometer-commons-1.12.0.jar;C:\Users\Aly\.m2\repository\org\springframework\spring-webmvc\6.1.1\spring-webmvc-6.1.1.jar;C:\Users\Aly\.m2\repository\org\springframework\spring-expression\6.1.1\spring-expression-6.1.1.jar;C:\Users\Aly\.m2\repository\org\springframework\boot\spring-boot-starter-validation\3.2.0\spring-boot-starter-validation-3.2.0.jar;C:\Users\Aly\.m2\repository\org\apache\tomcat\embed\tomcat-embed-el\10.1.16\tomcat-embed-el-10.1.16.jar;C:\Users\Aly\.m2\repository\org\hibernate\validator\hibernate-validator\8.0.1.Final\hibernate-validator-8.0.1.Final.jar;C:\Users\Aly\.m2\repository\jakarta\validation\jakarta.validation-api\3.0.2\jakarta.validation-api-3.0.2.jar;C:\Users\Aly\.m2\repository\org\springframework\boot\spring-boot-devtools\3.2.0\spring-boot-devtools-3.2.0.jar;C:\Users\Aly\.m2\repository\org\springframework\boot\spring-boot\3.2.0\spring-boot-3.2.0.jar;C:\Users\Aly\.m2\repository\org\springframework\boot\spring-boot-autoconfigure\3.2.0\spring-boot-autoconfigure-3.2.0.jar;C:\Users\Aly\.m2\repository\org\postgresql\postgresql\42.6.0\postgresql-42.6.0.jar;C:\Users\Aly\.m2\repository\org\checkerframework\checker-qual\3.31.0\checker-qual-3.31.0.jar;C:\Users\Aly\.m2\repository\org\projectlombok\lombok\1.18.30\lombok-1.18.30.jar;C:\Users\Aly\.m2\repository\jakarta\xml\bind\jakarta.xml.bind-api\4.0.1\jakarta.xml.bind-api-4.0.1.jar;C:\Users\Aly\.m2\repository\jakarta\activation\jakarta.activation-api\2.1.2\jakarta.activation-api-2.1.2.jar;C:\Users\Aly\.m2\repository\org\springframework\spring-core\6.1.1\spring-core-6.1.1.jar;C:\Users\Aly\.m2\repository\org\springframework\spring-jcl\6.1.1\spring-jcl-6.1.1.jar;D:\IntelliJ IDEA Community Edition 2023.2.4\lib\idea_rt.jar
Launcher Type: SUN_STANDARD

[Global flags]
     intx CICompilerCount                          = 3                                         {product} {ergonomic}
     uint ConcGCThreads                            = 2                                         {product} {ergonomic}
     uint G1ConcRefinementThreads                  = 6                                         {product} {ergonomic}
   size_t G1HeapRegionSize                         = 2097152                                   {product} {ergonomic}
    uintx GCDrainStackTargetSize                   = 64                                        {product} {ergonomic}
   size_t InitialHeapSize                          = 268435456                                 {product} {ergonomic}
   size_t MarkStackSize                            = 4194304                                   {product} {ergonomic}
   size_t MaxHeapSize                              = 4273995776                                {product} {ergonomic}
   size_t MaxNewSize                               = 2562719744                                {product} {ergonomic}
   size_t MinHeapDeltaBytes                        = 2097152                                   {product} {ergonomic}
   size_t MinHeapSize                              = 8388608                                   {product} {ergonomic}
    uintx NonNMethodCodeHeapSize                   = 5832780                                {pd product} {ergonomic}
    uintx NonProfiledCodeHeapSize                  = 122912730                              {pd product} {ergonomic}
    uintx ProfiledCodeHeapSize                     = 122912730                              {pd product} {ergonomic}
    uintx ReservedCodeCacheSize                    = 251658240                              {pd product} {ergonomic}
     bool SegmentedCodeCache                       = true                                      {product} {ergonomic}
   size_t SoftMaxHeapSize                          = 4273995776                             {manageable} {ergonomic}
     bool UseCompressedOops                        = true                           {product lp64_product} {ergonomic}
     bool UseG1GC                                  = true                                      {product} {ergonomic}
     bool UseLargePagesIndividualAllocation        = false                                  {pd product} {ergonomic}

Logging:
Log output configuration:
 #0: stdout all=warning uptime,level,tags foldmultilines=false
 #1: stderr all=off uptime,level,tags foldmultilines=false

Environment Variables:
PATH=C:\Program Files\Common Files\Oracle\Java\javapath;C:\Python312\Scripts\;C:\Python312\;C:\Windows\system32;C:\Windows;C:\Windows\System32\Wbem;C:\Windows\System32\WindowsPowerShell\v1.0\;C:\Windows\System32\OpenSSH\;C:\Program Files\NVIDIA Corporation\NVIDIA NvDLISR;C:\Program Files (x86)\NVIDIA Corporation\PhysX\Common;C:\Program Files\Docker\Docker\resources\bin;E:\Git\cmd;E:\;C:\ProgramData\chocolatey\bin;C:\Program Files\Java\jdk-17\bin;C:\Users\Aly\AppData\Local\Microsoft\WindowsApps;;E:\IntelliJ IDEA Educational Edition 2022.2.2\bin;;E:\Microsoft VS Code\bin;C:\Users\Aly\AppData\Roaming\npm;D:\IntelliJ IDEA Community Edition 2023.2.4\bin;
USERNAME=Aly
OS=Windows_NT
PROCESSOR_IDENTIFIER=Intel64 Family 6 Model 158 Stepping 10, GenuineIntel
TMP=C:\Users\Aly\AppData\Local\Temp
TEMP=C:\Users\Aly\AppData\Local\Temp




Periodic native trim disabled

---------------  S Y S T E M  ---------------

OS:
 Windows 11 , 64 bit Build 22621 (10.0.22621.2506)
OS uptime: 0 days 5:34 hours
Hyper-V role detected

CPU: total 6 (initial active 6) (6 cores per cpu, 1 threads per core) family 6 model 158 stepping 10 microcode 0xde, cx8, cmov, fxsr, mmx, 3dnowpref, sse, sse2, sse3, ssse3, sse4.1, sse4.2, popcnt, lzcnt, tsc, tscinvbit, avx, avx2, aes, erms, clmul, bmi1, bmi2, adx, fma, vzeroupper, clflush, clflushopt, hv, rdtscp, f16c
Processor Information for all 6 processors :
  Max Mhz: 2904, Current Mhz: 2904, Mhz Limit: 2904

Memory: 4k page, system-wide physical 16296M (2794M free)
TotalPageFile size 31473M (AvailPageFile size 4M)
current process WorkingSet (physical memory assigned to process): 308M, peak: 355M
current process commit charge ("private bytes"): 358M, peak: 420M

vm_info: OpenJDK 64-Bit Server VM (21.0.1+12-29) for windows-amd64 JRE (21.0.1+12-29), built on 2023-10-05T13:27:09Z by "mach5one" with MS VC++ 17.1 (VS2022)

END.
